<?xml version="1.0" encoding="UTF-8"?>
<!-- Generated by org.testng.reporters.JUnitXMLReporter -->
<testsuite hostname="DESKTOP-MD2112N" ignored="0" name="Default test" tests="6" failures="0" timestamp="2021-11-25T14:38:37 AEDT" time="6.372" errors="0">
  <testcase name="LandingPage" time="5.115" classname="testcases.LandingPageTest"/>
  <testcase name="LandingPage" time="0.005" classname="testcases.LandingPageTest">
    <skipped/>
  </testcase> <!-- LandingPage -->
  <testcase name="LandingPage" time="0.004" classname="testcases.LandingPageTest">
    <skipped/>
  </testcase> <!-- LandingPage -->
  <testcase name="LandingPage" time="0.002" classname="testcases.LandingPageTest">
    <skipped/>
  </testcase> <!-- LandingPage -->
  <testcase name="LandingPage" time="0.002" classname="testcases.LandingPageTest">
    <skipped/>
  </testcase> <!-- LandingPage -->
  <testcase name="LandingPage" time="0.002" classname="testcases.LandingPageTest">
    <skipped/>
  </testcase> <!-- LandingPage -->
</testsuite> <!-- Default test -->
