<?xml version="1.0" encoding="UTF-8"?>
<!-- Generated by org.testng.reporters.JUnitXMLReporter -->
<testsuite hostname="DESKTOP-MD2112N" ignored="0" name="Get Started Form Test" tests="6" failures="0" timestamp="2021-11-25T14:41:15 AEDT" time="6.113" errors="0">
  <testcase name="LandingPage" time="4.858" classname="testcases.LandingPageTest"/>
  <testcase name="LandingPage" time="0.005" classname="testcases.LandingPageTest">
    <skipped/>
  </testcase> <!-- LandingPage -->
  <testcase name="LandingPage" time="0.005" classname="testcases.LandingPageTest">
    <skipped/>
  </testcase> <!-- LandingPage -->
  <testcase name="LandingPage" time="0.006" classname="testcases.LandingPageTest">
    <skipped/>
  </testcase> <!-- LandingPage -->
  <testcase name="LandingPage" time="0.003" classname="testcases.LandingPageTest">
    <skipped/>
  </testcase> <!-- LandingPage -->
  <testcase name="LandingPage" time="0.002" classname="testcases.LandingPageTest">
    <skipped/>
  </testcase> <!-- LandingPage -->
</testsuite> <!-- Get Started Form Test -->
