<?xml version="1.0" encoding="UTF-8"?>
<!-- Generated by org.testng.reporters.JUnitXMLReporter -->
<testsuite hostname="DESKTOP-MD2112N" ignored="0" name="Landing Page Test" tests="6" failures="1" timestamp="2021-11-26T11:34:19 AEDT" time="14.019" errors="0">
  <testcase name="LandingPage" time="12.507" classname="testcases.LandingPageTest">
    <failure type="java.lang.AssertionError" message="expected [Invalid Credentials �] but found [Invalid Credentials
×]">
      <![CDATA[java.lang.AssertionError: expected [Invalid Credentials �] but found [Invalid Credentials
×]
at testcases.LandingPageTest.LandingPage(LandingPageTest.java:45)
at java.util.ArrayList.forEach(ArrayList.java:1257)
... Removed 32 stack frames]]>
    </failure>
  </testcase> <!-- LandingPage -->
  <testcase name="LandingPage" time="0.005" classname="testcases.LandingPageTest">
    <skipped/>
  </testcase> <!-- LandingPage -->
  <testcase name="LandingPage" time="0.005" classname="testcases.LandingPageTest">
    <skipped/>
  </testcase> <!-- LandingPage -->
  <testcase name="LandingPage" time="0.005" classname="testcases.LandingPageTest">
    <skipped/>
  </testcase> <!-- LandingPage -->
  <testcase name="LandingPage" time="0.003" classname="testcases.LandingPageTest">
    <skipped/>
  </testcase> <!-- LandingPage -->
  <testcase name="LandingPage" time="0.003" classname="testcases.LandingPageTest">
    <skipped/>
  </testcase> <!-- LandingPage -->
</testsuite> <!-- Landing Page Test -->
