<?xml version="1.0" encoding="UTF-8"?>
<testsuite xmlns:xsi="http://www.w3.org/2001/XMLSchema-instance" xsi:noNamespaceSchemaLocation="https://maven.apache.org/surefire/maven-surefire-plugin/xsd/surefire-test-report.xsd" name="TestSuite" time="16.389" tests="6" errors="0" skipped="5" failures="0">
  <properties>
[...]
</properties>
  <testcase name="LandingPage" classname="testcases.LandingPageTest" time="13.894"/>
  <testcase name="LandingPage" classname="testcases.LandingPageTest" time="0">
    <skipped message="Test skipped since rumode is N"/>
  </testcase>
  <testcase name="LandingPage" classname="testcases.LandingPageTest" time="0">
    <skipped message="Test skipped since rumode is N"/>
  </testcase>
  <testcase name="LandingPage" classname="testcases.LandingPageTest" time="0">
    <skipped message="Test skipped since rumode is N"/>
  </testcase>
  <testcase name="LandingPage" classname="testcases.LandingPageTest" time="0">
    <skipped message="Test skipped since rumode is N"/>
  </testcase>
  <testcase name="LandingPage" classname="testcases.LandingPageTest" time="0">
    <skipped message="Test skipped since rumode is N"/>
  </testcase>
</testsuite>