<?xml version="1.0" encoding="UTF-8"?>
<!-- Generated by org.testng.reporters.JUnitXMLReporter -->
<testsuite hostname="DESKTOP-MD2112N" ignored="0" name="Landing Page Test" tests="6" failures="0" timestamp="2021-11-25T17:21:50 AEDT" time="15.177" errors="0">
  <testcase name="LandingPage" time="13.892" classname="testcases.LandingPageTest"/>
  <testcase name="LandingPage" time="0.001" classname="testcases.LandingPageTest">
    <skipped/>
  </testcase> <!-- LandingPage -->
  <testcase name="LandingPage" time="0.001" classname="testcases.LandingPageTest">
    <skipped/>
  </testcase> <!-- LandingPage -->
  <testcase name="LandingPage" time="0.001" classname="testcases.LandingPageTest">
    <skipped/>
  </testcase> <!-- LandingPage -->
  <testcase name="LandingPage" time="0.001" classname="testcases.LandingPageTest">
    <skipped/>
  </testcase> <!-- LandingPage -->
  <testcase name="LandingPage" time="0.0" classname="testcases.LandingPageTest">
    <skipped/>
  </testcase> <!-- LandingPage -->
</testsuite> <!-- Landing Page Test -->
